<?xml version="1.0" encoding="UTF-8"?>
<testsuite xmlns:xsi="http://www.w3.org/2001/XMLSchema-instance" xsi:schemaLocation="https://maven.apache.org/surefire/maven-surefire-plugin/xsd/surefire-test-report.xsd" name="TestSuite" time="0.472" tests="6" errors="0" skipped="0" failures="0">
  <properties>
[...]
</properties>
  <testcase name="checkOutTest" classname="cashier.CashierTest" time="0.007"/>
  <testcase name="customerLineUpTest" classname="goods.SuperMarketTest" time="0"/>
  <testcase name="testGetGoods" classname="goods.SuperMarketTest" time="0.001"/>
  <testcase name="testInit" classname="goods.SuperMarketTest" time="0"/>
  <testcase name="testInitCashier" classname="goods.SuperMarketTest" time="0"/>
  <testcase name="randomNumberTest" classname="util.RandomUtilTest" time="0.003"/>
</testsuite>